<?xml version="1.0" encoding="UTF-8"?>
<coverage generated="1755516452694" clover="3.2.0">
  <project timestamp="1755516452695" name="All files">
    <metrics statements="2" coveredstatements="2" conditionals="4" coveredconditionals="4" methods="1" coveredmethods="1" elements="7" coveredelements="7" complexity="0" loc="2" ncloc="2" packages="1" files="1" classes="1"/>
    <file name="MyGardenHeader.tsx" path="C:\Users\fchap\VitaGrow\screens\components\MyGardenHeader.tsx">
      <metrics statements="2" coveredstatements="2" conditionals="4" coveredconditionals="4" methods="1" coveredmethods="1"/>
      <line num="13" count="2" type="stmt"/>
      <line num="39" count="1" type="stmt"/>
    </file>
  </project>
</coverage>
