{"C:\\Users\\fchap\\VitaGrow\\screens\\components\\MyGardenHeader.tsx": {"path":"C:\\Users\\fchap\\VitaGrow\\screens\\components\\MyGardenHeader.tsx","statementMap":{"0":{"start":{"line":13,"column":2},"end":{"line":36,"column":4}},"1":{"start":{"line":39,"column":15},"end":{"line":79,"column":2}}},"fnMap":{"0":{"name":"MyGardenHeader","decl":{"start":{"line":12,"column":24},"end":{"line":12,"column":38}},"loc":{"start":{"line":12,"column":121},"end":{"line":37,"column":1}},"line":12}},"branchMap":{"0":{"loc":{"start":{"line":22,"column":11},"end":{"line":27,"column":11}},"type":"binary-expr","locations":[{"start":{"line":22,"column":11},"end":{"line":22,"column":29}},{"start":{"line":23,"column":12},"end":{"line":26,"column":19}}],"line":22},"1":{"loc":{"start":{"line":30,"column":7},"end":{"line":34,"column":7}},"type":"binary-expr","locations":[{"start":{"line":30,"column":7},"end":{"line":30,"column":20}},{"start":{"line":31,"column":8},"end":{"line":33,"column":27}}],"line":30}},"s":{"0":2,"1":1},"f":{"0":2},"b":{"0":[2,1],"1":[2,1]},"_coverageSchema":"1a1c01bbd47fc00a2c39e90264f33305004495a9","hash":"c157c3378d51efb57f485671ccc57f8497793181"}
}
